Log file open, 12/23/14 16:49:53
LogInit:Display: Running engine for game: LightCycle
LogInit: Version: 4.6.1-2386410+++depot+UE4-Releases+4.6
LogInit: API Version: 2369412
LogInit: Compiled (64-bit): Dec 11 2014 21:31:39
LogInit: Compiled with Visual C++: 18.00.21005.01
LogInit: Build Configuration: Development
LogInit: Branch Name: ++depot+UE4-Releases+4.6
LogInit: Command line:  
LogInit: Base directory: E:/Unreal Engine 4/Unreal Engine/4.6/Engine/Binaries/Win64/
LogInit: Rocket: 1
[2014.12.23-15.49.53:471][  0]LogTaskGraph: Started task graph with 3 named threads and 4 total threads.
[2014.12.23-15.49.53:525][  0]LogOnline:Warning: No default platform service specified for OnlineSubsystem
[2014.12.23-15.49.53:565][  0]LogInit: Presizing for 0 objects not considered by GC, pre-allocating 0 bytes.
[2014.12.23-15.49.53:584][  0]LogInit: Object subsystem initialized
[2014.12.23-15.49.53:587][  0]LogInit: Selected Device Profile: [Windows]
[2014.12.23-15.49.53:587][  0]LogInit: Applying CVar settings loaded from the selected device profile: [Windows]
[2014.12.23-15.49.53:591][  0]LogInit: Computer: MARSYA-SAKADO
[2014.12.23-15.49.53:591][  0]LogInit: User: Marsya
[2014.12.23-15.49.53:591][  0]LogInit: CPU Page size=4096, Cores=2
[2014.12.23-15.49.53:591][  0]LogInit: High frequency timer resolution =2.338338 MHz
[2014.12.23-15.49.53:591][  0]LogMemory: Memory total: Physical=7.9GB (8GB approx) Virtual=131072.0GB
[2014.12.23-15.49.53:591][  0]LogMemory: Platform Memory Stats for Windows
[2014.12.23-15.49.53:591][  0]LogMemory: Process Physical Memory: 48.11 MB used, 48.11 MB peak
[2014.12.23-15.49.53:591][  0]LogMemory: Process Virtual Memory: 23.99 MB used, 23.99 MB peak
[2014.12.23-15.49.53:591][  0]LogMemory: Physical Memory: 4564.65 MB used, 8072.96 MB total
[2014.12.23-15.49.53:591][  0]LogMemory: Virtual Memory: 273.09 MB used, 134217728.00 MB total
[2014.12.23-15.49.53:611][  0]LogD3D11RHI: Found D3D11 adapter 0: Intel(R) HD Graphics Family (Feature Level 11_0)
[2014.12.23-15.49.53:611][  0]LogD3D11RHI: Adapter has 2059MB of dedicated video memory, 0MB of dedicated system memory, and 4036MB of shared system memory, 1 output[s]
[2014.12.23-15.49.53:612][  0]LogD3D11RHI: Found D3D11 adapter 1: Microsoft Basic Render Driver (Feature Level 11_0)
[2014.12.23-15.49.53:612][  0]LogD3D11RHI: Adapter has 0MB of dedicated video memory, 0MB of dedicated system memory, and 256MB of shared system memory, 0 output[s]
[2014.12.23-15.49.53:613][  0]LogD3D11RHI: Found D3D11 adapter 2: Microsoft Basic Render Driver (Feature Level 11_0)
[2014.12.23-15.49.53:613][  0]LogD3D11RHI: Adapter has 0MB of dedicated video memory, 0MB of dedicated system memory, and 256MB of shared system memory, 0 output[s]
[2014.12.23-15.49.53:613][  0]LogD3D11RHI: Chosen D3D11 Adapter Id = 0
[2014.12.23-15.49.53:617][  0]LogRHI: Texture pool is 1361 MB (70% of 1945 MB)
[2014.12.23-15.49.53:628][  0]LogD3D11RHI: Async texture creation enabled
[2014.12.23-15.49.53:681][  0]LogTextLocalizationManager: The requested culture ('fr_FR') has no localization data; falling back to 'en' for localization and internationalization data.
[2014.12.23-15.49.53:862][  0]LogContentStreaming: Texture pool size is 0.000000MB
[2014.12.23-15.49.59:401][  0]LogTargetPlatformManager:Display: Building Assets For Windows
[2014.12.23-15.49.59:868][  0]LogTargetPlatformManager:Display: Building Assets For Windows
[2014.12.23-15.49.59:921][  0]LogDerivedDataCache:Display: Max Cache Size: 512 MB
[2014.12.23-15.49.59:958][  0]LogDerivedDataCache: Loaded boot cache 0.04s 35MB C:/Users/Marsya/AppData/Local/UnrealEngine/4.6/DerivedDataCache/Boot.ddc.
[2014.12.23-15.49.59:958][  0]LogDerivedDataCache:Display: Loaded Boot cache: C:/Users/Marsya/AppData/Local/UnrealEngine/4.6/DerivedDataCache/Boot.ddc
[2014.12.23-15.49.59:958][  0]LogDerivedDataCache: FDerivedDataBackendGraph:  Pak pak cache file ../../../../../../Bitbucket/lightcycle/LightCycle/DerivedDataCache/DDC.ddp not found, will not use a pak cache.
[2014.12.23-15.49.59:958][  0]LogDerivedDataCache: Unable to find inner node Pak for hierarchical cache Hierarchy.
[2014.12.23-15.50.00:027][  0]LogDerivedDataCache:Display: Pak cache opened for reading ../../../Engine/DerivedDataCache/DDC.ddp.
[2014.12.23-15.50.00:039][  0]LogDerivedDataCache: Using Local data cache path C:/Users/Marsya/AppData/Local/UnrealEngine/Common/DerivedDataCache: Writable
[2014.12.23-15.50.00:578][  0]LogCollisionProfile:Warning: Profile (UI) - Custom Channel Name = 'Weapon' hasn't been found
[2014.12.23-15.50.00:879][  0]LogMeshUtilities: No automatic mesh reduction module available
[2014.12.23-15.50.00:879][  0]LogMeshUtilities: No automatic mesh merging module available
[2014.12.23-15.50.01:264][  0]LogInit: WinSock: version 1.1 (2.2), MaxSocks=32767, MaxUdp=65467
[2014.12.23-15.50.01:316][  0]LogSlate:Warning: Failed to load font data from '../../../Engine/Content/Slate/Fonts/Roboto-Italic.ttf'
[2014.12.23-15.50.02:206][  0]UdpMessaging: Initializing bridge on interface 0.0.0.0:0 to multicast group 230.0.0.1:6666.
[2014.12.23-15.50.02:376][  0]LogLinker:Warning: Asset '../../../../../../Bitbucket/lightcycle/LightCycle/Content/Blueprints/MyCharacter.uasset' has been saved with empty engine version. The asset will be loaded but may be incompatible.
[2014.12.23-15.50.02:437][  0]LogLinker:Warning: Asset '../../../../../../Bitbucket/lightcycle/LightCycle/Content/Character/HeroFPP_Skeleton.uasset' has been saved with empty engine version. The asset will be loaded but may be incompatible.
[2014.12.23-15.50.02:881][  0]LogLinker:Warning: Asset '../../../../../../Bitbucket/lightcycle/LightCycle/Content/Character/HeroFPP.uasset' has been saved with empty engine version. The asset will be loaded but may be incompatible.
[2014.12.23-15.50.03:189][  0]LogAnimation:Warning: UAnimMontage::PostLoad: The actual sequence length for montage FPP_Fire_Montage does not match the length stored in the asset, please resave the montage asset.
[2014.12.23-15.50.03:213][  0]BlueprintLog:Warning: Warning Blueprint Projectile has been migrated and requires re-saving to avoid import errors
[2014.12.23-15.50.03:726][  0]SourceControl: Info Source control is disabled
[2014.12.23-15.50.03:726][  0]SourceControl: Info Source control is disabled
[2014.12.23-15.50.03:737][  0]SourceControl: Info Source control is disabled
[2014.12.23-15.50.03:886][  0]LogObj: 28003 objects as part of root set at end of initial load.
[2014.12.23-15.50.03:886][  0]LogUObjectAllocator: 6741888 out of 0 bytes used by permanent object pool.
[2014.12.23-15.50.03:953][  0]LogEngine: Initializing Engine...
[2014.12.23-15.50.04:754][  0]LogInit: XAudio2 using 'Speakers (2- High Definition Audio Device)' : 2 channels at 44.1 kHz using 16 bits per sample (channel mask 0x3)
[2014.12.23-15.50.04:767][  0]LogInit: FAudioDevice initialized.
[2014.12.23-15.50.04:790][  0]LogAIModule: Creating AISystem for world NewWorld
[2014.12.23-15.50.04:817][  0]LogDerivedDataCache: Saved boot cache 0.03s 57MB C:/Users/Marsya/AppData/Local/UnrealEngine/4.6/DerivedDataCache/Boot.ddc.
[2014.12.23-15.50.04:822][  0]LogInit: Texture streaming: Enabled
[2014.12.23-15.50.04:850][  0]LogAnalytics: Creating configured Analytics provider AnalyticsET
[2014.12.23-15.50.04:850][  0]LogAnalytics: ET APIKey = Rocket.Release. APIServer = http://et2.epicgames.com/ET2/. AppVersion = 4.6.1-2386410+++depot+UE4-Releases+4.6
[2014.12.23-15.50.04:851][  0]LogAnalytics: SetUserId 6f16df9e7b9f9f8a6ccf8b2f2ea848fa
[2014.12.23-15.50.04:851][  0]LogAnalytics: AnalyticsET::StartSession [Rocket.Release]
[2014.12.23-15.50.04:864][  0]LogInit: Transaction tracking system initialized
[2014.12.23-15.50.04:952][  0]BlueprintLog: New page: Editor Load
[2014.12.23-15.50.04:983][  0]LogAssetRegistry: FAssetRegistry took 0.0106 seconds to start up
[2014.12.23-15.50.04:983][  0]LogDirectoryWatcher:Warning: Failed to begin reading directory changes for ../../../Engine/Plugins/Experimental/CharacterAI/Content/. Error: 0
[2014.12.23-15.50.05:592][  0]LogTargetPlatformManager:Display: Building Assets For Windows
[2014.12.23-15.50.06:046][  0]LogTargetPlatformManager:Display: Building Assets For Windows
[2014.12.23-15.50.06:258][  0]LogConsoleResponse:Display: 
[2014.12.23-15.50.06:447][  0]LogLinker:Warning: Asset '../../../Engine/Content/Functions/Engine_MaterialFunctions03/Procedurals/ComputeFilterWidth.uasset' has been saved with empty engine version. The asset will be loaded but may be incompatible.
[2014.12.23-15.50.06:690][  0]SourceControl: Info Source control is disabled
[2014.12.23-15.50.06:690][  0]Cmd: MAP LOAD FILE="../../../../../../Bitbucket/lightcycle/LightCycle/Content/Maps/Example_Map.umap" TEMPLATE=0 SHOWPROGRESS=1
[2014.12.23-15.50.06:699][  0]LightingResults: New page: Lighting Build
[2014.12.23-15.50.06:712][  0]MapCheck: New page: Map Check
[2014.12.23-15.50.06:712][  0]LightingResults: New page: Lighting Build
[2014.12.23-15.50.06:736][  0]LogParticles: Destroying 0 GPU particle simulations for FXSystem 0x000000F92109AAC0
[2014.12.23-15.50.06:739][  0]LogLinker:Warning: Asset '../../../../../../Bitbucket/lightcycle/LightCycle/Content/Maps/Example_Map.umap' has been saved with empty engine version. The asset will be loaded but may be incompatible.
[2014.12.23-15.50.07:336][  0]LogEditorServer: Finished looking for orphan Actors (0.000 secs)
[2014.12.23-15.50.07:336][  0]LogAIModule: Creating AISystem for world Example_Map
[2014.12.23-15.50.07:337][  0]Cmd: MAP CHECKDEP
[2014.12.23-15.50.07:337][  0]MapCheck: New page: Example_Map - Dec 23, 2014, 5:50:07 PM
[2014.12.23-15.50.07:440][  0]MapCheck: Info Map check complete: 0 Error(s), 0 Warning(s), took 102.285ms to complete.
[2014.12.23-15.50.07:440][  0]LogFileHelpers: Loading map 'Example_Map' took 0.749
[2014.12.23-15.50.07:726][  0]LogCrashTracker: Crashtracker disabled due to settings.
[2014.12.23-15.50.07:752][  0]LogCollectionManager: Loaded 0 collections in 0.001393 seconds
[2014.12.23-15.50.07:773][  0]LogUObjectGlobals:Warning: Failed to find object 'Class None.'
[2014.12.23-15.50.07:803][  0]LogLoad: Full Startup: 16.64 seconds (BP compile: 0.13 seconds)
[2014.12.23-15.50.08:153][  0]LogContentBrowser:Verbose: The content browser source was changed by the sources view to '/Game/TronMaterials/LightCycleTail'
[2014.12.23-15.50.08:275][  0]LogRenderer:Warning: Reallocating scene render targets to support 1136x912.
[2014.12.23-15.50.10:084][  5]LogAssetRegistry: Asset discovery search completed in 5.1115 seconds
[2014.12.23-15.51.25:787][749]Cmd: MAP LOAD FILE="../../../../../../Bitbucket/lightcycle/LightCycle/Content/Maps/TestTrack.umap" TEMPLATE=0 SHOWPROGRESS=1
[2014.12.23-15.51.25:792][749]LightingResults: New page: Lighting Build
[2014.12.23-15.51.25:813][749]LoadErrors: New page: Loading map: TestTrack.umap
[2014.12.23-15.51.25:813][749]MapCheck: New page: Map Check
[2014.12.23-15.51.25:813][749]LightingResults: New page: Lighting Build
[2014.12.23-15.51.25:834][749]LogParticles: Destroying 0 GPU particle simulations for FXSystem 0x000000F920FEC180
[2014.12.23-15.51.26:856][749]LogLinker:Warning: Asset '../../../../../../Bitbucket/lightcycle/LightCycle/Content/TronMaterials/Glow/VeryLow/GlowVeryLow_DarkBlue.uasset' has been saved with empty engine version. The asset will be loaded but may be incompatible.
[2014.12.23-15.51.28:188][749]LogEditorServer: Finished looking for orphan Actors (0.000 secs)
[2014.12.23-15.51.28:188][749]LogAIModule: Creating AISystem for world TestTrack
[2014.12.23-15.51.28:236][749]Cmd: MAP CHECKDEP
[2014.12.23-15.51.28:236][749]MapCheck: New page: TestTrack - Dec 23, 2014, 5:51:28 PM
[2014.12.23-15.51.28:380][749]MapCheck: Info Map check complete: 0 Error(s), 0 Warning(s), took 143.441ms to complete.
[2014.12.23-15.51.28:380][749]LogFileHelpers: Loading map 'TestTrack' took 2.595
[2014.12.23-15.52.29:383][329]LogRenderer:Warning: Reallocating scene render targets to support 1136x944.
[2014.12.23-15.53.29:674][843]LogPlayLevel: PIE:  No blueprints needed recompiling
[2014.12.23-15.53.29:674][843]PIE: New page: PIE session: TestTrack (Dec 23, 2014, 5:53:29 PM)
[2014.12.23-15.53.29:729][843]LogPlayLevel: PIE: StaticDuplicateObject took: (0.054129s)
[2014.12.23-15.53.29:730][843]LogPlayLevel: PIE: World Init took: (0.000910s)
[2014.12.23-15.53.29:730][843]LogPlayLevel: PIE: Created PIE world by copying editor world from /Game/Maps/TestTrack.TestTrack to /Game/Maps/UEDPIE_0_TestTrack.TestTrack (0.055400s)
[2014.12.23-15.53.29:785][843]LogWorld: Game class is 'LightCycleGameMode'
[2014.12.23-15.53.29:787][843]LogAIModule: Creating AISystem for world TestTrack
[2014.12.23-15.53.29:794][843]LogWorld: Bringing World /Game/Maps/UEDPIE_0_TestTrack.TestTrack up for play (max tick rate 60) at 2014.12.23-16.53.29
[2014.12.23-15.53.29:796][843]LogWorld: Bringing up level for play took: 0.008934
[2014.12.23-15.53.30:138][843]PIE: Info Play in editor start time for /Game/Maps/UEDPIE_0_TestTrack 1.184
[2014.12.23-15.53.37:655][207]LogParticles: Destroying 0 GPU particle simulations for FXSystem 0x000000F926F5C180
[2014.12.23-15.53.42:628][472]LogConsoleManager:Warning: Console variable 'r.Streaming.PoolSize' wasn't set (Priority Code < Scalability)
[2014.12.23-15.53.42:628][472]LogConsoleManager:Warning: Console variable 'r.MaterialQualityLevel' wasn't set (Priority Console < Scalability)
[2014.12.23-15.53.42:653][473]LogRenderer:Warning: Reallocating scene render targets to support 1136x944.
[2014.12.23-15.53.43:437][506]LogEditorViewport: Clicking on Actor (LMB): BP_Sky_Sphere_C (BP_Sky_Shere)
[2014.12.23-15.53.45:997][573]LogPlayLevel: PIE:  No blueprints needed recompiling
[2014.12.23-15.53.45:997][573]PIE: New page: PIE session: TestTrack (Dec 23, 2014, 5:53:45 PM)
[2014.12.23-15.53.46:051][573]LogPlayLevel: PIE: StaticDuplicateObject took: (0.053352s)
[2014.12.23-15.53.46:052][573]LogPlayLevel: PIE: World Init took: (0.000768s)
[2014.12.23-15.53.46:052][573]LogPlayLevel: PIE: Created PIE world by copying editor world from /Game/Maps/TestTrack.TestTrack to /Game/Maps/UEDPIE_0_TestTrack.TestTrack (0.054409s)
[2014.12.23-15.53.46:087][573]LogWorld: Game class is 'LightCycleGameMode'
[2014.12.23-15.53.46:088][573]LogAIModule: Creating AISystem for world TestTrack
[2014.12.23-15.53.46:096][573]LogWorld: Bringing World /Game/Maps/UEDPIE_0_TestTrack.TestTrack up for play (max tick rate 60) at 2014.12.23-16.53.46
[2014.12.23-15.53.46:098][573]LogWorld: Bringing up level for play took: 0.009378
[2014.12.23-15.53.46:100][573]PIE: Info Play in editor start time for /Game/Maps/UEDPIE_0_TestTrack -0.854
[2014.12.23-15.54.58:237][449]LogParticles: Destroying 0 GPU particle simulations for FXSystem 0x000000F92CF12340
[2014.12.23-15.55.42:842][741]LogHotReload: New module detected: UE4Editor-LightCycle-1350.dll
[2014.12.23-15.55.42:966][742]LogHotReload: Starting Hot-Reload from IDE
[2014.12.23-15.55.43:074][742]LogModuleManager:Warning: Found module file E:/Bitbucket/lightcycle/LightCycle/Binaries/Win64/UE4Editor-LightCycle-1350.dll (API version 0), but it was incompatible with the current engine API version (2369412). This is likely a stale module that must be recompiled.
[2014.12.23-15.55.43:074][742]Warning: HotReload failed, reload failed /Script/LightCycle.
[2014.12.23-15.59.52:695][506]Cmd: OBJ SAVEPACKAGE PACKAGE="/Game/Maps/TestTrack" FILE="../../../../../../Bitbucket/lightcycle/LightCycle/Content/Maps/TestTrack.umap" SILENT=true AUTOSAVING=false KEEPDIRTY=false
[2014.12.23-15.59.55:017][506]LogSavePackage: Save=2183.760010ms
[2014.12.23-15.59.55:017][506]LogSavePackage: Moving '../../../../../../Bitbucket/lightcycle/LightCycle/Saved/TestTrackA52F2E3A4422EB12FA1A3198B5E50C0D.tmp' to '../../../../../../Bitbucket/lightcycle/LightCycle/Content/Maps/TestTrack.umap'
[2014.12.23-15.59.55:047][506]LogFileHelpers: Saving map 'TestTrack' took 2.517
[2014.12.23-15.59.55:684][507]Cmd: QUIT_EDITOR
[2014.12.23-15.59.56:032][507]LogExit: Preparing to exit.
[2014.12.23-15.59.56:751][507]LogExit: Editor shut down
[2014.12.23-15.59.56:751][507]LogExit: Transaction tracking system shut down
[2014.12.23-15.59.56:753][507]LogParticles: Destroying 0 GPU particle simulations for FXSystem 0x000000F9289F7D80
[2014.12.23-15.59.56:753][507]LogParticles: Destroying 0 GPU particle simulations for FXSystem 0x000000F91D777100
[2014.12.23-15.59.56:787][507]LogExit: Object subsystem successfully closed.
[2014.12.23-15.59.56:833][507]LogModuleManager: Shutting down and abandoning module AndroidDeviceDetection (172)
[2014.12.23-15.59.56:833][507]LogModuleManager: Shutting down and abandoning module EditorWidgets (171)
[2014.12.23-15.59.56:833][507]LogModuleManager: Shutting down and abandoning module CollectionManager (170)
[2014.12.23-15.59.56:833][507]LogModuleManager: Shutting down and abandoning module CrashTracker (169)
[2014.12.23-15.59.56:833][507]LogModuleManager: Shutting down and abandoning module SuperSearch (168)
[2014.12.23-15.59.56:833][507]LogModuleManager: Shutting down and abandoning module SceneOutliner (167)
[2014.12.23-15.59.56:833][507]LogModuleManager: Shutting down and abandoning module StatsViewer (166)
[2014.12.23-15.59.56:833][507]LogModuleManager: Shutting down and abandoning module FoliageEdit (165)
[2014.12.23-15.59.56:833][507]LogModuleManager: Shutting down and abandoning module LandscapeEditor (164)
[2014.12.23-15.59.56:833][507]LogModuleManager: Shutting down and abandoning module MeshPaint (163)
[2014.12.23-15.59.56:833][507]LogModuleManager: Shutting down and abandoning module ActorPickerMode (162)
[2014.12.23-15.59.56:833][507]LogModuleManager: Shutting down and abandoning module GeometryMode (161)
[2014.12.23-15.59.56:833][507]LogModuleManager: Shutting down and abandoning module TextureAlignMode (160)
[2014.12.23-15.59.56:833][507]LogModuleManager: Shutting down and abandoning module BspMode (159)
[2014.12.23-15.59.56:833][507]LogModuleManager: Shutting down and abandoning module PlacementMode (158)
[2014.12.23-15.59.56:833][507]LogModuleManager: Shutting down and abandoning module AutomationWorker (157)
[2014.12.23-15.59.56:833][507]LogModuleManager: Shutting down and abandoning module CharacterAI (156)
[2014.12.23-15.59.56:833][507]LogModuleManager: Shutting down and abandoning module GameProjectGeneration (155)
[2014.12.23-15.59.56:833][507]LogModuleManager: Shutting down and abandoning module IntroTutorials (154)
[2014.12.23-15.59.56:833][507]LogModuleManager: Shutting down and abandoning module EditorLiveStreaming (153)
[2014.12.23-15.59.56:833][507]LogModuleManager: Shutting down and abandoning module HardwareTargeting (152)
[2014.12.23-15.59.56:833][507]LogModuleManager: Shutting down and abandoning module DeviceProfileEditor (151)
[2014.12.23-15.59.56:833][507]LogModuleManager: Shutting down and abandoning module UndoHistory (150)
[2014.12.23-15.59.56:833][507]LogModuleManager: Shutting down and abandoning module GameplayTagsEditor (149)
[2014.12.23-15.59.56:833][507]LogModuleManager: Shutting down and abandoning module UserFeedback (148)
[2014.12.23-15.59.56:833][507]LogModuleManager: Shutting down and abandoning module XmlParser (147)
[2014.12.23-15.59.56:833][507]LogModuleManager: Shutting down and abandoning module Blutility (146)
[2014.12.23-15.59.56:833][507]LogModuleManager: Shutting down and abandoning module IOSPlatformEditor (145)
[2014.12.23-15.59.56:833][507]LogModuleManager: Shutting down and abandoning module IOSRuntimeSettings (144)
[2014.12.23-15.59.56:833][507]LogModuleManager: Shutting down and abandoning module AndroidPlatformEditor (143)
[2014.12.23-15.59.56:833][507]LogModuleManager: Shutting down and abandoning module AndroidRuntimeSettings (142)
[2014.12.23-15.59.56:833][507]LogModuleManager: Shutting down and abandoning module ProjectTargetPlatformEditor (141)
[2014.12.23-15.59.56:833][507]LogModuleManager: Shutting down and abandoning module ProjectSettingsViewer (140)
[2014.12.23-15.59.56:833][507]LogModuleManager: Shutting down and abandoning module InputBindingEditor (139)
[2014.12.23-15.59.56:833][507]LogModuleManager: Shutting down and abandoning module EditorSettingsViewer (138)
[2014.12.23-15.59.56:834][507]LogModuleManager: Shutting down and abandoning module SettingsEditor (137)
[2014.12.23-15.59.56:834][507]LogModuleManager: Shutting down and abandoning module ProjectLauncher (136)
[2014.12.23-15.59.56:834][507]LogModuleManager: Shutting down and abandoning module SessionFrontend (135)
[2014.12.23-15.59.56:834][507]LogModuleManager: Shutting down and abandoning module ProfilerClient (134)
[2014.12.23-15.59.56:834][507]LogModuleManager: Shutting down and abandoning module TargetDeviceServices (133)
[2014.12.23-15.59.56:834][507]LogModuleManager: Shutting down and abandoning module DeviceManager (132)
[2014.12.23-15.59.56:834][507]LogModuleManager: Shutting down and abandoning module AutomationController (131)
[2014.12.23-15.59.56:834][507]LogModuleManager: Shutting down and abandoning module AutomationWindow (130)
[2014.12.23-15.59.56:834][507]LogModuleManager: Shutting down and abandoning module Layers (129)
[2014.12.23-15.59.56:834][507]LogModuleManager: Shutting down and abandoning module ComponentVisualizers (128)
[2014.12.23-15.59.56:834][507]LogModuleManager: Shutting down and abandoning module DetailCustomizations (127)
[2014.12.23-15.59.56:834][507]LogModuleManager: Shutting down and abandoning module PackagesDialog (126)
[2014.12.23-15.59.56:834][507]LogModuleManager: Shutting down and abandoning module AssetRegistry (125)
[2014.12.23-15.59.56:905][507]LogModuleManager: Shutting down and abandoning module Persona (124)
[2014.12.23-15.59.56:905][507]LogModuleManager: Shutting down and abandoning module Kismet (123)
[2014.12.23-15.59.56:905][507]LogModuleManager: Shutting down and abandoning module GraphEditor (122)
[2014.12.23-15.59.56:905][507]LogModuleManager: Shutting down and abandoning module ClassViewer (121)
[2014.12.23-15.59.56:905][507]LogModuleManager: Shutting down and abandoning module Toolbox (120)
[2014.12.23-15.59.56:906][507]LogModuleManager: Shutting down and abandoning module ModuleUI (119)
[2014.12.23-15.59.56:906][507]LogModuleManager: Shutting down and abandoning module MovieSceneTools (118)
[2014.12.23-15.59.56:906][507]LogModuleManager: Shutting down and abandoning module OutputLog (117)
[2014.12.23-15.59.56:906][507]LogModuleManager: Shutting down and abandoning module GammaUI (116)
[2014.12.23-15.59.56:906][507]LogModuleManager: Shutting down and abandoning module Documentation (115)
[2014.12.23-15.59.56:906][507]LogModuleManager: Shutting down and abandoning module GameLiveStreaming (114)
[2014.12.23-15.59.56:906][507]LogModuleManager: Shutting down and abandoning module StreamingPauseRendering (113)
[2014.12.23-15.59.56:906][507]LogModuleManager: Shutting down and abandoning module HTTP (112)
[2014.12.23-15.59.56:906][507]LogModuleManager: Shutting down and abandoning module AnalyticsET (111)
[2014.12.23-15.59.56:906][507]LogModuleManager: Shutting down and abandoning module Analytics (110)
[2014.12.23-15.59.56:906][507]LogModuleManager: Shutting down and abandoning module AITestSuite (109)
[2014.12.23-15.59.56:906][507]LogModuleManager: Shutting down and abandoning module AIModule (108)
[2014.12.23-15.59.56:906][507]LogModuleManager: Shutting down and abandoning module ProfilerService (107)
[2014.12.23-15.59.57:003][507]LogModuleManager: Shutting down and abandoning module TaskGraph (106)
[2014.12.23-15.59.57:003][507]LogModuleManager: Shutting down and abandoning module GameplayDebugger (105)
[2014.12.23-15.59.57:003][507]LogModuleManager: Shutting down and abandoning module SlateRemote (104)
[2014.12.23-15.59.57:003][507]LogModuleManager: Shutting down and abandoning module ScriptEditorPlugin (103)
[2014.12.23-15.59.57:003][507]LogModuleManager: Shutting down and abandoning module CustomMeshComponent (102)
[2014.12.23-15.59.57:003][507]LogModuleManager: Shutting down and abandoning module CableComponent (101)
[2014.12.23-15.59.57:003][507]LogModuleManager: Shutting down and abandoning module MessagingDebugger (100)
[2014.12.23-15.59.57:003][507]LogModuleManager: Shutting down and abandoning module MediaPlayerEditor (99)
[2014.12.23-15.59.57:003][507]LogModuleManager: Shutting down and abandoning module SpeedTreeImporter (98)
[2014.12.23-15.59.57:003][507]LogModuleManager: Shutting down and abandoning module PluginsEditor (97)
[2014.12.23-15.59.57:003][507]LogModuleManager: Shutting down and abandoning module EpicSurvey (96)
[2014.12.23-15.59.57:003][507]LogModuleManager: Shutting down and abandoning module DesktopPlatform (95)
[2014.12.23-15.59.57:003][507]LogModuleManager: Shutting down and abandoning module VisualStudioSourceCodeAccess (94)
[2014.12.23-15.59.57:003][507]LogModuleManager: Shutting down and abandoning module UObjectPlugin (93)
[2014.12.23-15.59.57:003][507]LogModuleManager: Shutting down and abandoning module SubversionSourceControl (92)
[2014.12.23-15.59.57:003][507]LogModuleManager: Shutting down and abandoning module SourceControl (91)
[2014.12.23-15.59.57:003][507]LogModuleManager: Shutting down and abandoning module PerforceSourceControl (90)
[2014.12.23-15.59.57:003][507]LogModuleManager: Shutting down and abandoning module BlankPlugin (89)
[2014.12.23-15.59.57:003][507]LogModuleManager: Shutting down and abandoning module SlateReflector (88)
[2014.12.23-15.59.57:003][507]LogModuleManager: Shutting down and abandoning module DirectoryWatcher (87)
[2014.12.23-15.59.57:003][507]LogModuleManager: Shutting down and abandoning module HotReload (86)
[2014.12.23-15.59.57:003][507]LogModuleManager: Shutting down and abandoning module MainFrame (85)
[2014.12.23-15.59.57:004][507]LogModuleManager: Shutting down and abandoning module LevelEditor (84)
[2014.12.23-15.59.57:005][507]LogModuleManager: Shutting down and abandoning module ViewportSnapping (83)
[2014.12.23-15.59.57:005][507]LogModuleManager: Shutting down and abandoning module SmartSnapping (82)
[2014.12.23-15.59.57:005][507]LogModuleManager: Shutting down and abandoning module PaperTiledImporter (81)
[2014.12.23-15.59.57:005][507]LogModuleManager: Shutting down and abandoning module PaperJsonImporter (80)
[2014.12.23-15.59.57:005][507]LogModuleManager: Shutting down and abandoning module ContentBrowser (79)
[2014.12.23-15.59.57:005][507]LogModuleManager: Shutting down and abandoning module Paper2DEditor (78)
[2014.12.23-15.59.57:006][507]LogModuleManager: Shutting down and abandoning module ScriptPlugin (76)
[2014.12.23-15.59.57:006][507]LogModuleManager: Shutting down and abandoning module UdpMessaging (75)
[2014.12.23-15.59.57:107][507]LogModuleManager: Shutting down and abandoning module Paper2D (74)
[2014.12.23-15.59.57:107][507]LogModuleManager: Shutting down and abandoning module WindowsMoviePlayer (73)
[2014.12.23-15.59.57:111][507]LogModuleManager: Shutting down and abandoning module Media (72)
[2014.12.23-15.59.57:111][507]LogModuleManager: Shutting down and abandoning module WmfMedia (71)
[2014.12.23-15.59.57:111][507]LogModuleManager: Shutting down and abandoning module OnlineBlueprintSupport (70)
[2014.12.23-15.59.57:111][507]LogModuleManager: Shutting down and abandoning module PropertyEditor (69)
[2014.12.23-15.59.57:111][507]LogModuleManager: Shutting down and abandoning module BehaviorTreeEditor (68)
[2014.12.23-15.59.57:111][507]LogModuleManager: Shutting down and abandoning module FunctionalTesting (67)
[2014.12.23-15.59.57:111][507]LogModuleManager: Shutting down and abandoning module CollisionAnalyzer (66)
[2014.12.23-15.59.57:112][507]LogModuleManager: Shutting down and abandoning module WorkspaceMenuStructure (65)
[2014.12.23-15.59.57:112][507]LogModuleManager: Shutting down and abandoning module MessageLog (64)
[2014.12.23-15.59.57:112][507]LogModuleManager: Shutting down and abandoning module Sequencer (63)
[2014.12.23-15.59.57:112][507]LogModuleManager: Shutting down and abandoning module AssetTools (62)
[2014.12.23-15.59.57:112][507]LogModuleManager: Shutting down and abandoning module UMGEditor (61)
[2014.12.23-15.59.57:112][507]LogModuleManager: Shutting down and abandoning module UMG (60)
[2014.12.23-15.59.57:112][507]LogModuleManager: Shutting down and abandoning module Slate (59)
[2014.12.23-15.59.57:112][507]LogModuleManager: Shutting down and abandoning module EditorStyle (58)
[2014.12.23-15.59.57:118][507]LogModuleManager: Shutting down and abandoning module SessionServices (57)
[2014.12.23-15.59.57:118][507]LogModuleManager: Shutting down and abandoning module SourceCodeAccess (56)
[2014.12.23-15.59.57:118][507]LogModuleManager: Shutting down and abandoning module HeadMountedDisplay (55)
[2014.12.23-15.59.57:118][507]LogModuleManager: Shutting down and abandoning module XAudio2 (54)
[2014.12.23-15.59.57:118][507]LogModuleManager: Shutting down and abandoning module Networking (52)
[2014.12.23-15.59.57:118][507]LogModuleManager: Shutting down and abandoning module Core (51)
[2014.12.23-15.59.57:118][507]LogModuleManager: Shutting down and abandoning module KismetCompiler (50)
[2014.12.23-15.59.57:118][507]LogModuleManager: Shutting down and abandoning module PhysXFormats (49)
[2014.12.23-15.59.57:118][507]LogModuleManager: Shutting down and abandoning module MeshUtilities (48)
[2014.12.23-15.59.57:118][507]LogModuleManager: Shutting down and abandoning module DerivedDataCache (47)
[2014.12.23-15.59.57:201][507]LogDerivedDataCache: Shutdown
[2014.12.23-15.59.57:201][507]LogModuleManager: Shutting down and abandoning module ShaderFormatOpenGL (46)
[2014.12.23-15.59.57:201][507]LogModuleManager: Shutting down and abandoning module ShaderFormatD3D (45)
[2014.12.23-15.59.57:201][507]LogModuleManager: Shutting down and abandoning module MetalShaderFormat (44)
[2014.12.23-15.59.57:201][507]LogModuleManager: Shutting down and abandoning module TextureFormatUncompressed (43)
[2014.12.23-15.59.57:201][507]LogModuleManager: Shutting down and abandoning module TextureFormatPVR (42)
[2014.12.23-15.59.57:201][507]LogModuleManager: Shutting down and abandoning module TextureFormatDXT (41)
[2014.12.23-15.59.57:201][507]LogModuleManager: Shutting down and abandoning module TextureFormatAndroid (40)
[2014.12.23-15.59.57:201][507]LogModuleManager: Shutting down and abandoning module AudioFormatOpus (39)
[2014.12.23-15.59.57:201][507]LogModuleManager: Shutting down and abandoning module AudioFormatOgg (38)
[2014.12.23-15.59.57:201][507]LogModuleManager: Shutting down and abandoning module AudioFormatADPCM (37)
[2014.12.23-15.59.57:201][507]LogModuleManager: Shutting down and abandoning module LinuxTargetPlatform (36)
[2014.12.23-15.59.57:201][507]LogModuleManager: Shutting down and abandoning module LinuxServerTargetPlatform (35)
[2014.12.23-15.59.57:201][507]LogModuleManager: Shutting down and abandoning module LinuxNoEditorTargetPlatform (34)
[2014.12.23-15.59.57:201][507]LogModuleManager: Shutting down and abandoning module Messaging (33)
[2014.12.23-15.59.57:201][507]LogModuleManager: Shutting down and abandoning module IOSTargetPlatform (32)
[2014.12.23-15.59.57:201][507]LogModuleManager: Shutting down and abandoning module Android_PVRTCTargetPlatform (31)
[2014.12.23-15.59.57:201][507]LogModuleManager: Shutting down and abandoning module Android_ETC2TargetPlatform (30)
[2014.12.23-15.59.57:201][507]LogModuleManager: Shutting down and abandoning module Android_ETC1TargetPlatform (29)
[2014.12.23-15.59.57:201][507]LogModuleManager: Shutting down and abandoning module Android_DXTTargetPlatform (28)
[2014.12.23-15.59.57:201][507]LogModuleManager: Shutting down and abandoning module Android_ATCTargetPlatform (27)
[2014.12.23-15.59.57:201][507]LogModuleManager: Shutting down and abandoning module AndroidTargetPlatform (26)
[2014.12.23-15.59.57:201][507]LogModuleManager: Shutting down and abandoning module WindowsTargetPlatform (25)
[2014.12.23-15.59.57:201][507]LogModuleManager: Shutting down and abandoning module WindowsServerTargetPlatform (24)
[2014.12.23-15.59.57:201][507]LogModuleManager: Shutting down and abandoning module WindowsNoEditorTargetPlatform (23)
[2014.12.23-15.59.57:201][507]LogModuleManager: Shutting down and abandoning module WindowsClientTargetPlatform (22)
[2014.12.23-15.59.57:201][507]LogModuleManager: Shutting down and abandoning module TargetPlatform (21)
[2014.12.23-15.59.57:201][507]LogModuleManager: Shutting down and abandoning module InputCore (20)
[2014.12.23-15.59.57:201][507]LogModuleManager: Shutting down and abandoning module Settings (19)
[2014.12.23-15.59.57:201][507]LogModuleManager: Shutting down and abandoning module ImageWrapper (18)
[2014.12.23-15.59.57:201][507]LogModuleManager: Shutting down and abandoning module OculusRift (15)
[2014.12.23-15.59.57:201][507]LogModuleManager: Shutting down and abandoning module ExampleDeviceProfileSelector (14)
[2014.12.23-15.59.57:202][507]LogModuleManager: Shutting down and abandoning module TextureCompressor (13)
[2014.12.23-15.59.57:202][507]LogModuleManager: Shutting down and abandoning module ShaderCore (12)
[2014.12.23-15.59.57:202][507]LogModuleManager: Shutting down and abandoning module Landscape (11)
[2014.12.23-15.59.57:202][507]LogModuleManager: Shutting down and abandoning module SlateRHIRenderer (10)
[2014.12.23-15.59.57:203][507]LogModuleManager: Shutting down and abandoning module OpenGLDrv (9)
[2014.12.23-15.59.57:203][507]LogModuleManager: Shutting down and abandoning module D3D11RHI (8)
[2014.12.23-15.59.57:203][507]LogModuleManager: Shutting down and abandoning module Renderer (7)
[2014.12.23-15.59.57:203][507]LogModuleManager: Shutting down and abandoning module Engine (6)
[2014.12.23-15.59.57:203][507]LogModuleManager: Shutting down and abandoning module CoreUObject (5)
[2014.12.23-15.59.57:203][507]LogModuleManager: Shutting down and abandoning module NetworkFile (4)
[2014.12.23-15.59.57:203][507]LogModuleManager: Shutting down and abandoning module StreamingFile (3)
[2014.12.23-15.59.57:203][507]LogModuleManager: Shutting down and abandoning module SandboxFile (2)
[2014.12.23-15.59.57:203][507]LogModuleManager: Shutting down and abandoning module PakFile (1)
[2014.12.23-15.59.57:204][507]LogExit: Exiting.
[2014.12.23-15.59.57:211][507]Log file closed, 12/23/14 16:59:57
